# JRE version: OpenJDK Runtime Environment (8.0_312-b07) (build 1.8.0_312-b07)
# Java VM: OpenJDK 64-Bit Server VM (25.312-b07 mixed mode windows-amd64 compressed oops)
Heap:
 PSYoungGen      total 156672K, used 129984K [0x00000000f5580000, 0x0000000100000000, 0x0000000100000000)
  eden space 144384K, 81% used [0x00000000f5580000,0x00000000fc873830,0x00000000fe280000)
  from space 12288K, 99% used [0x00000000fe280000,0x00000000fee7c810,0x00000000fee80000)
  to   space 14848K, 0% used [0x00000000ff180000,0x00000000ff180000,0x0000000100000000)
 ParOldGen       total 175104K, used 19683K [0x00000000e0000000, 0x00000000eab00000, 0x00000000f5580000)
  object space 175104K, 11% used [0x00000000e0000000,0x00000000e1338e90,0x00000000eab00000)
 Metaspace       used 53402K, capacity 55926K, committed 56064K, reserved 1097728K
  class space    used 7327K, capacity 7907K, committed 7936K, reserved 1048576K
GC Heap History (10 events):
Event: 60.147 GC heap before
{Heap before GC invocations=7 (full 1):
 PSYoungGen      total 76288K, used 73537K [0x00000000f5580000, 0x00000000fc480000, 0x0000000100000000)
  eden space 65536K, 100% used [0x00000000f5580000,0x00000000f9580000,0x00000000f9580000)
  from space 10752K, 74% used [0x00000000f9580000,0x00000000f9d50428,0x00000000fa000000)
  to   space 11776K, 0% used [0x00000000fb900000,0x00000000fb900000,0x00000000fc480000)
 ParOldGen       total 175104K, used 8423K [0x00000000e0000000, 0x00000000eab00000, 0x00000000f5580000)
  object space 175104K, 4% used [0x00000000e0000000,0x00000000e0839eb8,0x00000000eab00000)
 Metaspace       used 32576K, capacity 33738K, committed 33920K, reserved 1079296K
  class space    used 4633K, capacity 4936K, committed 4992K, reserved 1048576K
Event: 60.248 GC heap after
Heap after GC invocations=7 (full 1):
 PSYoungGen      total 97792K, used 10370K [0x00000000f5580000, 0x00000000fc380000, 0x0000000100000000)
  eden space 87040K, 0% used [0x00000000f5580000,0x00000000f5580000,0x00000000faa80000)
  from space 10752K, 96% used [0x00000000fb900000,0x00000000fc3208a8,0x00000000fc380000)
  to   space 12288K, 0% used [0x00000000fab80000,0x00000000fab80000,0x00000000fb780000)
 ParOldGen       total 175104K, used 8431K [0x00000000e0000000, 0x00000000eab00000, 0x00000000f5580000)
  object space 175104K, 4% used [0x00000000e0000000,0x00000000e083beb8,0x00000000eab00000)
 Metaspace       used 32576K, capacity 33738K, committed 33920K, reserved 1079296K
  class space    used 4633K, capacity 4936K, committed 4992K, reserved 1048576K
}
Event: 61.694 GC heap before
{Heap before GC invocations=8 (full 1):
 PSYoungGen      total 97792K, used 31406K [0x00000000f5580000, 0x00000000fc380000, 0x0000000100000000)
  eden space 87040K, 24% used [0x00000000f5580000,0x00000000f6a0b170,0x00000000faa80000)
  from space 10752K, 96% used [0x00000000fb900000,0x00000000fc3208a8,0x00000000fc380000)
  to   space 12288K, 0% used [0x00000000fab80000,0x00000000fab80000,0x00000000fb780000)
 ParOldGen       total 175104K, used 8431K [0x00000000e0000000, 0x00000000eab00000, 0x00000000f5580000)
  object space 175104K, 4% used [0x00000000e0000000,0x00000000e083beb8,0x00000000eab00000)
 Metaspace       used 34217K, capacity 35406K, committed 35496K, reserved 1079296K
  class space    used 4771K, capacity 5080K, committed 5120K, reserved 1048576K
Event: 61.879 GC heap after
Heap after GC invocations=8 (full 1):
 PSYoungGen      total 100352K, used 9353K [0x00000000f5580000, 0x00000000ffa00000, 0x0000000100000000)
  eden space 88064K, 0% used [0x00000000f5580000,0x00000000f5580000,0x00000000fab80000)
  from space 12288K, 76% used [0x00000000fab80000,0x00000000fb4a2558,0x00000000fb780000)
  to   space 11776K, 0% used [0x00000000fee80000,0x00000000fee80000,0x00000000ffa00000)
 ParOldGen       total 175104K, used 8439K [0x00000000e0000000, 0x00000000eab00000, 0x00000000f5580000)
  object space 175104K, 4% used [0x00000000e0000000,0x00000000e083deb8,0x00000000eab00000)
 Metaspace       used 34217K, capacity 35406K, committed 35496K, reserved 1079296K
  class space    used 4771K, capacity 5080K, committed 5120K, reserved 1048576K
}
Event: 61.879 GC heap before
{Heap before GC invocations=9 (full 2):
 PSYoungGen      total 100352K, used 9353K [0x00000000f5580000, 0x00000000ffa00000, 0x0000000100000000)
  eden space 88064K, 0% used [0x00000000f5580000,0x00000000f5580000,0x00000000fab80000)
  from space 12288K, 76% used [0x00000000fab80000,0x00000000fb4a2558,0x00000000fb780000)
  to   space 11776K, 0% used [0x00000000fee80000,0x00000000fee80000,0x00000000ffa00000)
 ParOldGen       total 175104K, used 8439K [0x00000000e0000000, 0x00000000eab00000, 0x00000000f5580000)
  object space 175104K, 4% used [0x00000000e0000000,0x00000000e083deb8,0x00000000eab00000)
 Metaspace       used 34217K, capacity 35406K, committed 35496K, reserved 1079296K
  class space    used 4771K, capacity 5080K, committed 5120K, reserved 1048576K
Event: 62.193 GC heap after
Heap after GC invocations=9 (full 2):
 PSYoungGen      total 100352K, used 0K [0x00000000f5580000, 0x00000000ffa00000, 0x0000000100000000)
  eden space 88064K, 0% used [0x00000000f5580000,0x00000000f5580000,0x00000000fab80000)
  from space 12288K, 0% used [0x00000000fab80000,0x00000000fab80000,0x00000000fb780000)
  to   space 11776K, 0% used [0x00000000fee80000,0x00000000fee80000,0x00000000ffa00000)
 ParOldGen       total 175104K, used 16056K [0x00000000e0000000, 0x00000000eab00000, 0x00000000f5580000)
  object space 175104K, 9% used [0x00000000e0000000,0x00000000e0fae288,0x00000000eab00000)
 Metaspace       used 34217K, capacity 35406K, committed 35496K, reserved 1079296K
  class space    used 4771K, capacity 5080K, committed 5120K, reserved 1048576K
}
Event: 65.416 GC heap before
{Heap before GC invocations=10 (full 2):
 PSYoungGen      total 100352K, used 88064K [0x00000000f5580000, 0x00000000ffa00000, 0x0000000100000000)
  eden space 88064K, 100% used [0x00000000f5580000,0x00000000fab80000,0x00000000fab80000)
  from space 12288K, 0% used [0x00000000fab80000,0x00000000fab80000,0x00000000fb780000)
  to   space 11776K, 0% used [0x00000000fee80000,0x00000000fee80000,0x00000000ffa00000)
 ParOldGen       total 175104K, used 16056K [0x00000000e0000000, 0x00000000eab00000, 0x00000000f5580000)
  object space 175104K, 9% used [0x00000000e0000000,0x00000000e0fae288,0x00000000eab00000)
 Metaspace       used 37978K, capacity 39704K, committed 39808K, reserved 1083392K
  class space    used 5330K, capacity 5696K, committed 5760K, reserved 1048576K
Event: 65.495 GC heap after
Heap after GC invocations=10 (full 2):
 PSYoungGen      total 156160K, used 6321K [0x00000000f5580000, 0x0000000100000000, 0x0000000100000000)
  eden space 144384K, 0% used [0x00000000f5580000,0x00000000f5580000,0x00000000fe280000)
  from space 11776K, 53% used [0x00000000fee80000,0x00000000ff4ac5e8,0x00000000ffa00000)
  to   space 12288K, 0% used [0x00000000fe280000,0x00000000fe280000,0x00000000fee80000)
 ParOldGen       total 175104K, used 16064K [0x00000000e0000000, 0x00000000eab00000, 0x00000000f5580000)
  object space 175104K, 9% used [0x00000000e0000000,0x00000000e0fb0288,0x00000000eab00000)
 Metaspace       used 37978K, capacity 39704K, committed 39808K, reserved 1083392K
  class space    used 5330K, capacity 5696K, committed 5760K, reserved 1048576K
}
Event: 71.817 GC heap before
{Heap before GC invocations=11 (full 2):
 PSYoungGen      total 156160K, used 150705K [0x00000000f5580000, 0x0000000100000000, 0x0000000100000000)
  eden space 144384K, 100% used [0x00000000f5580000,0x00000000fe280000,0x00000000fe280000)
  from space 11776K, 53% used [0x00000000fee80000,0x00000000ff4ac5e8,0x00000000ffa00000)
  to   space 12288K, 0% used [0x00000000fe280000,0x00000000fe280000,0x00000000fee80000)
 ParOldGen       total 175104K, used 16064K [0x00000000e0000000, 0x00000000eab00000, 0x00000000f5580000)
  object space 175104K, 9% used [0x00000000e0000000,0x00000000e0fb0288,0x00000000eab00000)
 Metaspace       used 48497K, capacity 50632K, committed 50688K, reserved 1093632K
  class space    used 6642K, capacity 7164K, committed 7168K, reserved 1048576K
Event: 71.880 GC heap after
Heap after GC invocations=11 (full 2):
 PSYoungGen      total 156672K, used 12274K [0x00000000f5580000, 0x0000000100000000, 0x0000000100000000)
  eden space 144384K, 0% used [0x00000000f5580000,0x00000000f5580000,0x00000000fe280000)
  from space 12288K, 99% used [0x00000000fe280000,0x00000000fee7c810,0x00000000fee80000)
  to   space 14848K, 0% used [0x00000000ff180000,0x00000000ff180000,0x0000000100000000)
 ParOldGen       total 175104K, used 19683K [0x00000000e0000000, 0x00000000eab00000, 0x00000000f5580000)
  object space 175104K, 11% used [0x00000000e0000000,0x00000000e1338e90,0x00000000eab00000)
 Metaspace       used 48497K, capacity 50632K, committed 50688K, reserved 1093632K
  class space    used 6642K, capacity 7164K, committed 7168K, reserved 1048576K
}

